<?xml version="1.0" encoding="UTF-8"?>
<testsuite name="AppTest" tests="4" skipped="0" failures="0" errors="0" timestamp="2015-08-14T22:45:58" hostname="Nataliyas-MacBook-Pro.local" time="0.001">
  <properties/>
  <testcase name="ifProgramReplacesAllVowelsEWithTheDashSymbolIfUserEntersASentence_String" classname="AppTest" time="0.0"/>
  <testcase name="ifProgramReplacesCapitalVowelEWithTheDashSymbol_String" classname="AppTest" time="0.0"/>
  <testcase name="ifProgramAcceptsNumbersAndSpecialCharactersInASentence_String" classname="AppTest" time="0.0"/>
  <testcase name="ifVowelAIsReplacedWithTheDashSymbol_String" classname="AppTest" time="0.0"/>
  <system-out><![CDATA[]]></system-out>
  <system-err><![CDATA[]]></system-err>
</testsuite>
