<?xml version="1.0" encoding="UTF-8"?>
<testsuite name="AppTest" tests="1" skipped="0" failures="0" errors="0" timestamp="2015-08-14T20:07:47" hostname="Nataliyas-MacBook-Pro.local" time="0.002">
  <properties/>
  <testcase name="ifVowelAIsReplacedByTheDashSymbol_String" classname="AppTest" time="0.002"/>
  <system-out><![CDATA[]]></system-out>
  <system-err><![CDATA[]]></system-err>
</testsuite>
